<?xml version="1.0" encoding="UTF-8"?>
<testsuite xmlns:xsi="http://www.w3.org/2001/XMLSchema-instance" xsi:noNamespaceSchemaLocation="https://maven.apache.org/surefire/maven-surefire-plugin/xsd/surefire-test-report.xsd" version="3.0.2" name="com.sparkminds.library.auth.controller.AuthControllerIntegrationTest" time="2.751" tests="5" errors="0" skipped="0" failures="0" flakes="0">
  <properties>
[...]
</properties>
  <testcase name="currentUserWithValidTokenReturnsAdminInformation" classname="com.sparkminds.library.auth.controller.AuthControllerIntegrationTest" time="0.198">
    <system-out><![CDATA[2026-08-24 17:58:13.011 [main] INFO  [requestId=] com.sparkminds.library.auth.controller.AuthControllerIntegrationTest - Starting AuthControllerIntegrationTest using Java 25.0.2 with PID 28116 (started by NGUYEN THANH DANH in D:\sparkminds\src)
2026-08-24 17:58:13.012 [main] INFO  [requestId=] com.sparkminds.library.auth.controller.AuthControllerIntegrationTest - The following 1 profile is active: "test"
2026-08-24 17:58:14.899 [main] INFO  [requestId=] org.springframework.security.config.annotation.authentication.configuration.InitializeUserDetailsBeanManagerConfigurer$InitializeUserDetailsManagerConfigurer - Global AuthenticationManager configured with UserDetailsService bean with name customUserDetailsService
2026-08-24 17:58:15.241 [main] INFO  [requestId=] com.sparkminds.library.auth.controller.AuthControllerIntegrationTest - Started AuthControllerIntegrationTest in 2.305 seconds (process running for 26.154)
2026-08-24 17:58:15.253 [main] INFO  [requestId=] com.sparkminds.library.config.AdminDataInitializer - Default admin account already exists
2026-08-24 17:58:15.255 [main] WARN  [requestId=] org.springdoc.core.events.SpringDocAppInitializer - SpringDoc /v3/api-docs endpoint is enabled by default. To disable it in production, set the property 'springdoc.api-docs.enabled=false'
2026-08-24 17:58:15.255 [main] WARN  [requestId=] org.springdoc.core.events.SpringDocAppInitializer - SpringDoc /swagger-ui.html endpoint is enabled by default. To disable it in production, set the property 'springdoc.swagger-ui.enabled=false'
]]></system-out>
  </testcase>
  <testcase name="loginWithWrongPasswordReturnsUnauthorized" classname="com.sparkminds.library.auth.controller.AuthControllerIntegrationTest" time="0.09"/>
  <testcase name="loginWithAdminCredentialsReturnsTokens" classname="com.sparkminds.library.auth.controller.AuthControllerIntegrationTest" time="0.089"/>
  <testcase name="loginWithBlankFieldsReturnsValidationErrors" classname="com.sparkminds.library.auth.controller.AuthControllerIntegrationTest" time="0.01"/>
  <testcase name="protectedEndpointWithoutTokenReturnsUnauthorized" classname="com.sparkminds.library.auth.controller.AuthControllerIntegrationTest" time="0.012"/>
</testsuite>